<?xml version="1.0" encoding="UTF-8"?>
<testsuite name="/home/karam/Documents/Projects/Automation-Testing-Project1/src/test/java/com/vwologin/AutomationChallenge1/ModelBox_large.java"
           tests="1"
           failures="0"
           errors="0"
           skipped="0"
           time="19.584">
    <properties></properties>



            <testcase
                name="testModelBoxLarge"
                time="19.584"
                classname="com.vwologin.AutomationChallenge1.ModelBox_large">
            </testcase>
</testsuite>
